<?xml version="1.0" encoding="UTF-8"?>
<testsuite name="TestSuite" time="3.152" tests="1" errors="0" skipped="0" failures="0">
  <properties>
    <property name="java.vendor" value="Oracle Corporation"/>
    <property name="JOB_NAME" value="build_project"/>
    <property name="PWD" value="/Users/khursheed"/>
    <property name="sun.java.launcher" value="SUN_STANDARD"/>
    <property name="sun.management.compiler" value="HotSpot 64-Bit Tiered Compilers"/>
    <property name="JENKINS_HOME" value="/Users/Shared/Jenkins/Home"/>
    <property name="PATH" value="/Library/Java/JavaVirtualMachines/jdk1.8.0_171.jdk/Contents/Home/bin:/usr/bin:/bin:/usr/sbin:/sbin"/>
    <property name="HUDSON_SERVER_COOKIE" value="c6a44f2d51e99cfe"/>
    <property name="os.name" value="Mac OS X"/>
    <property name="sun.boot.class.path" value="/Library/Java/JavaVirtualMachines/jdk1.8.0_171.jdk/Contents/Home/jre/lib/resources.jar:/Library/Java/JavaVirtualMachines/jdk1.8.0_171.jdk/Contents/Home/jre/lib/rt.jar:/Library/Java/JavaVirtualMachines/jdk1.8.0_171.jdk/Contents/Home/jre/lib/sunrsasign.jar:/Library/Java/JavaVirtualMachines/jdk1.8.0_171.jdk/Contents/Home/jre/lib/jsse.jar:/Library/Java/JavaVirtualMachines/jdk1.8.0_171.jdk/Contents/Home/jre/lib/jce.jar:/Library/Java/JavaVirtualMachines/jdk1.8.0_171.jdk/Contents/Home/jre/lib/charsets.jar:/Library/Java/JavaVirtualMachines/jdk1.8.0_171.jdk/Contents/Home/jre/lib/jfr.jar:/Library/Java/JavaVirtualMachines/jdk1.8.0_171.jdk/Contents/Home/jre/classes"/>
    <property name="EXECUTOR_NUMBER" value="0"/>
    <property name="java.vm.specification.vendor" value="Oracle Corporation"/>
    <property name="NODE_LABELS" value="Khursheeds-MacBook-Air.local"/>
    <property name="java.runtime.version" value="1.8.0_171-b11"/>
    <property name="JAVA_MAIN_CLASS_41881" value="hudson.remoting.Launcher"/>
    <property name="user.name" value="khursheed"/>
    <property name="SSH_CONNECTION" value="10.1.10.21 56822 10.1.10.21 22"/>
    <property name="guice.disable.misplaced.annotation.check" value="true"/>
    <property name="SSH_CLIENT" value="10.1.10.21 56822 22"/>
    <property name="user.language" value="en"/>
    <property name="JOB_BASE_NAME" value="build_project"/>
    <property name="RUN_CHANGES_DISPLAY_URL" value="http://jenkins-server:8080/job/build_project/49/display/redirect?page=changes"/>
    <property name="BUILD_DISPLAY_NAME" value="#49"/>
    <property name="TMPDIR" value="/var/folders/45/28f42yrd2jb8p96b7f61hr640000gn/T/"/>
    <property name="sun.boot.library.path" value="/Library/Java/JavaVirtualMachines/jdk1.8.0_171.jdk/Contents/Home/jre/lib"/>
    <property name="java.version" value="1.8.0_171"/>
    <property name="user.timezone" value="America/Los_Angeles"/>
    <property name="sun.arch.data.model" value="64"/>
    <property name="NODE_NAME" value="Khursheeds-MacBook-Air.local"/>
    <property name="http.nonProxyHosts" value="local|*.local|169.254/16|*.169.254/16"/>
    <property name="java.endorsed.dirs" value="/Library/Java/JavaVirtualMachines/jdk1.8.0_171.jdk/Contents/Home/jre/lib/endorsed"/>
    <property name="BUILD_ID" value="49"/>
    <property name="sun.cpu.isalist" value=""/>
    <property name="sun.jnu.encoding" value="UTF-8"/>
    <property name="file.encoding.pkg" value="sun.io"/>
    <property name="SHELL" value="/bin/bash"/>
    <property name="file.separator" value="/"/>
    <property name="java.specification.name" value="Java Platform API Specification"/>
    <property name="maven.conf" value="/Users/khursheed/apache_maven/conf"/>
    <property name="java.class.version" value="52.0"/>
    <property name="org.slf4j.simpleLogger.defaultLogLevel" value="info"/>
    <property name="user.country" value="US"/>
    <property name="java.home" value="/Library/Java/JavaVirtualMachines/jdk1.8.0_171.jdk/Contents/Home/jre"/>
    <property name="java.vm.info" value="mixed mode"/>
    <property name="os.version" value="10.13.5"/>
    <property name="RUN_DISPLAY_URL" value="http://jenkins-server:8080/job/build_project/49/display/redirect"/>
    <property name="sun.font.fontmanager" value="sun.font.CFontManager"/>
    <property name="path.separator" value=":"/>
    <property name="java.vm.version" value="25.171-b11"/>
    <property name="JOB_DISPLAY_URL" value="http://jenkins-server:8080/job/build_project/display/redirect"/>
    <property name="SHLVL" value="1"/>
    <property name="_" value="/usr/bin/java"/>
    <property name="java.awt.printerjob" value="sun.lwawt.macosx.CPrinterJob"/>
    <property name="JAVA_HOME" value="/Library/Java/JavaVirtualMachines/jdk1.8.0_171.jdk/Contents/Home"/>
    <property name="sun.io.unicode.encoding" value="UnicodeBig"/>
    <property name="awt.toolkit" value="sun.lwawt.macosx.LWCToolkit"/>
    <property name="LOGNAME" value="khursheed"/>
    <property name="socksNonProxyHosts" value="local|*.local|169.254/16|*.169.254/16"/>
    <property name="ftp.nonProxyHosts" value="local|*.local|169.254/16|*.169.254/16"/>
    <property name="HOME" value="/Users/khursheed"/>
    <property name="user.home" value="/Users/khursheed"/>
    <property name="BUILD_TAG" value="jenkins-build_project-49"/>
    <property name="JENKINS_SERVER_COOKIE" value="c6a44f2d51e99cfe"/>
    <property name="HUDSON_URL" value="http://jenkins-server:8080/"/>
    <property name="java.specification.vendor" value="Oracle Corporation"/>
    <property name="CLASSPATH" value=""/>
    <property name="java.library.path" value="/Users/khursheed/Library/Java/Extensions:/Library/Java/Extensions:/Network/Library/Java/Extensions:/System/Library/Java/Extensions:/usr/lib/java:."/>
    <property name="java.vendor.url" value="http://java.oracle.com/"/>
    <property name="java.vm.vendor" value="Oracle Corporation"/>
    <property name="gopherProxySet" value="false"/>
    <property name="java.runtime.name" value="Java(TM) SE Runtime Environment"/>
    <property name="maven.home" value="/Users/khursheed/apache_maven"/>
    <property name="java.class.path" value="/Users/khursheed/maven35-agent.jar:/Users/Khursheed/apache_maven/boot/plexus-classworlds-2.5.2.jar:/Users/Khursheed/apache_maven/conf/logging"/>
    <property name="sun.java.command" value="jenkins.maven3.agent.Maven35Main /Users/Khursheed/apache_maven/ /Users/khursheed/remoting.jar /Users/khursheed/maven35-interceptor.jar /Users/khursheed/maven3-interceptor-commons.jar 56961"/>
    <property name="java.vm.specification.name" value="Java Virtual Machine Specification"/>
    <property name="PATH+JDK" value="/Library/Java/JavaVirtualMachines/jdk1.8.0_171.jdk/Contents/Home/bin"/>
    <property name="java.vm.specification.version" value="1.8"/>
    <property name="sun.os.patch.level" value="unknown"/>
    <property name="sun.cpu.endian" value="little"/>
    <property name="M2_HOME" value="/Users/Khursheed/apache_maven/"/>
    <property name="MAIL" value="/var/mail/khursheed"/>
    <property name="java.awt.headless" value="true"/>
    <property name="java.io.tmpdir" value="/var/folders/45/28f42yrd2jb8p96b7f61hr640000gn/T/"/>
    <property name="HUDSON_HOME" value="/Users/Shared/Jenkins/Home"/>
    <property name="PATH+MAVEN" value="/Users/Khursheed/apache_maven//bin"/>
    <property name="BUILD_URL" value="http://jenkins-server:8080/job/build_project/49/"/>
    <property name="java.vendor.url.bug" value="http://bugreport.sun.com/bugreport/"/>
    <property name="OLDPWD" value="/Users/khursheed"/>
    <property name="java.awt.graphicsenv" value="sun.awt.CGraphicsEnvironment"/>
    <property name="os.arch" value="x86_64"/>
    <property name="com.apple.java.jvmTask" value="CommandLine"/>
    <property name="java.ext.dirs" value="/Users/khursheed/Library/Java/Extensions:/Library/Java/JavaVirtualMachines/jdk1.8.0_171.jdk/Contents/Home/jre/lib/ext:/Library/Java/Extensions:/Network/Library/Java/Extensions:/System/Library/Java/Extensions:/usr/lib/java"/>
    <property name="__CF_USER_TEXT_ENCODING" value="0x1F5:0x0:0x0"/>
    <property name="user.dir" value="/Users/khursheed/eclipse-workspace/SQAAutomationSelenium"/>
    <property name="JOB_URL" value="http://jenkins-server:8080/job/build_project/"/>
    <property name="line.separator" value="&#10;"/>
    <property name="JAVA_ARCH" value="x86_64"/>
    <property name="MAVEN_HOME" value="/Users/Khursheed/apache_maven/"/>
    <property name="java.vm.name" value="Java HotSpot(TM) 64-Bit Server VM"/>
    <property name="BUILD_NUMBER" value="49"/>
    <property name="JENKINS_URL" value="http://jenkins-server:8080/"/>
    <property name="file.encoding" value="UTF-8"/>
    <property name="maven3.interceptor" value="/Users/khursheed/maven35-interceptor.jar"/>
    <property name="WORKSPACE" value="/Users/khursheed/eclipse-workspace/SQAAutomationSelenium"/>
    <property name="maven3.interceptor.common" value="/Users/khursheed/maven3-interceptor-commons.jar"/>
    <property name="java.specification.version" value="1.8"/>
    <property name="USER" value="khursheed"/>
  </properties>
  <testcase name="testGuru99Login" classname="com.guru99.tests.TestGuru99Login" time="3.152"/>
</testsuite>