<?xml version="1.0" encoding="UTF-8"?>
<!-- Generated by org.testng.reporters.JUnitReportReporter -->
<testsuite hostname="Khursheeds-MacBook-Air.local" name="com.guru99.tests.TestGuru99Login" tests="1" failures="0" timestamp="15 Aug 2018 18:45:05 GMT" time="4.562" errors="0">
  <testcase name="testGuru99Login" time="4.562" classname="com.guru99.tests.TestGuru99Login"/>
</testsuite>
