<?xml version="1.0" encoding="UTF-8"?>
<!-- Generated by org.testng.reporters.JUnitReportReporter -->
<testsuite hostname="Khursheeds-MacBook-Air.local" name="com.guru99.tests.TestGuru99Login" tests="1" failures="0" timestamp="25 Jul 2019 02:59:55 GMT" time="2.773" errors="0">
  <testcase name="testGuru99Login" time="2.773" classname="com.guru99.tests.TestGuru99Login"/>
</testsuite>
