<?xml version="1.0" encoding="UTF-8"?>
<!-- Generated by org.testng.reporters.JUnitReportReporter -->
<testsuite hostname="Khursheeds-MacBook-Air.local" name="com.guru99.tests.TestGuru99Login" tests="1" failures="0" timestamp="11 Oct 2018 15:27:28 GMT" time="3.155" errors="0">
  <testcase name="testGuru99Login" time="3.155" classname="com.guru99.tests.TestGuru99Login"/>
</testsuite>
